android/build/intermediates/manifest_merge_blame_file/debug/manifest-merger-blame-debug-report.txt
1<?xml version="1.0" encoding="utf-8"?>
2<manifest xmlns:android="http://schemas.android.com/apk/res/android"
3    package="com.baidu"
4    android:versionCode="1"
5    android:versionName="1.0" >
6
7    <uses-sdk
8        android:minSdkVersion="16"
8-->src/main/AndroidManifest.xml
9        android:targetSdkVersion="25" />
9-->src/main/AndroidManifest.xml
10
11    <uses-permission android:name="android.permission.READ_EXTERNAL_STORAGE" />
11-->src/main/AndroidManifest.xml:5:5-80
11-->src/main/AndroidManifest.xml:5:22-77
12    <uses-permission android:name="android.permission.VIBRATE" />
12-->src/main/AndroidManifest.xml:6:5-66
12-->src/main/AndroidManifest.xml:6:22-63
13    <uses-permission android:name="android.permission.WRITE_EXTERNAL_STORAGE" />
13-->src/main/AndroidManifest.xml:7:5-81
13-->src/main/AndroidManifest.xml:7:22-78
14    <uses-permission android:name="android.permission.INTERNET" />
14-->src/main/AndroidManifest.xml:8:5-67
14-->src/main/AndroidManifest.xml:8:22-64
15    <uses-permission android:name="android.permission.CAMERA" />
15-->src/main/AndroidManifest.xml:9:5-65
15-->src/main/AndroidManifest.xml:9:22-62
16
17    <application>
17-->src/main/AndroidManifest.xml:11:5-21:19
18        <activity
18-->src/main/AndroidManifest.xml:12:9-17:20
19            android:name="com.baidu.ocr.ui.camera.CameraActivity"
19-->src/main/AndroidManifest.xml:13:13-57
20            android:configChanges="screenSize|orientation"
20-->src/main/AndroidManifest.xml:14:13-59
21            android:theme="@android:style/Theme.Holo.NoActionBar.Fullscreen" >
21-->src/main/AndroidManifest.xml:15:13-77
22        </activity>
23        <activity android:name="com.baidu.QRCodeActivity" >
23-->src/main/AndroidManifest.xml:18:9-20:20
23-->src/main/AndroidManifest.xml:18:19-49
24        </activity>
25    </application>
26
27</manifest>